<?xml version="1.0" encoding="UTF-8"?>
<!-- Generated by org.testng.reporters.JUnitXMLReporter -->
<testsuite hostname="sys" ignored="2" name="Test" tests="2" failures="0" timestamp="2020-11-02T10:38:53 IST" time="0.127" errors="0">
  <testcase name="@BeforeTest setup" time="-1.604293733151E9" classname="com.facebook.TestCases.BaseTest">
    <failure type="org.testng.TestNGException" message="
Parameter &amp;apos;envName&amp;apos; is required by BeforeTest on method setup but has not been marked @Optional or defined
in C:\Users\Sandeep\eclipse-workspace\facebook\testng.xml">
      <![CDATA[org.testng.TestNGException: 
Parameter 'envName' is required by BeforeTest on method setup but has not been marked @Optional or defined
in C:\Users\Sandeep\eclipse-workspace\facebook\testng.xml
... Removed 21 stack frames]]>
    </failure>
  </testcase> <!-- @BeforeTest setup -->
  <testcase name="TC1" time="0.0" classname="com.facebook.TestCases.searchFriend">
    <skipped/>
  </testcase> <!-- TC1 -->
  <testcase name="TC1" time="0.0" classname="com.facebook.TestCases.searchFriend2">
    <skipped/>
  </testcase> <!-- TC1 -->
  <testcase name="@BeforeSuite initSetup" time="0.0" classname="com.facebook.TestCases.BaseTest">
    <ignored/>
  </testcase> <!-- @BeforeSuite initSetup -->
  <testcase name="@BeforeTest setup" time="0.0" classname="com.facebook.TestCases.BaseTest">
    <ignored/>
  </testcase> <!-- @BeforeTest setup -->
</testsuite> <!-- Test -->
