<?xml version="1.0" encoding="UTF-8"?>
<testng-results ignored="0" total="1" passed="1" failed="0" skipped="0">
  <reporter-output>
    <line>
      <![CDATA[~~~~~~~~~~~~~~~~~~~~~~~~~~~~~~ login Start ~~~~~~~~~~~~~~~~~~~~~~~~~~~~~~~~~~~~]]>
    </line>
    <line>
      <![CDATA[~~~~~~~~~~~~~~~~~~~~~~~~~~~~~~ login End ~~~~~~~~~~~~~~~~~~~~~~~~~~~~~~~~~~~~]]>
    </line>
    <line>
      <![CDATA[~~~~~~~~~~~~~~~~~~~~~~~~~~~~~~ createGroup Start ~~~~~~~~~~~~~~~~~~~~~~~~~~~~~~~~~~~~]]>
    </line>
    <line>
      <![CDATA[~~~~~~~~~~~~~~~~~~~~~~~~~~~~~~ createGroup End ~~~~~~~~~~~~~~~~~~~~~~~~~~~~~~~~~~~~]]>
    </line>
    <line>
      <![CDATA[~Step~11:00:01 FriendsPage - createGroup~Pass]]>
    </line>
  </reporter-output>
  <suite started-at="2020-11-20T10:59:34 IST" name="Suite" finished-at="2020-11-20T11:00:10 IST" duration-ms="35753">
    <groups>
    </groups>
    <test started-at="2020-11-20T10:59:34 IST" name="searchFriend" finished-at="2020-11-20T11:00:10 IST" duration-ms="35753">
      <class name="com.facebook.TestCases.searchFriend">
        <test-method is-config="true" signature="initSetup()[pri:0, instance:com.facebook.TestCases.searchFriend@a4102b8]" started-at="2020-11-20T10:59:34 IST" name="initSetup" finished-at="2020-11-20T10:59:34 IST" duration-ms="541" status="PASS">
          <reporter-output>
          </reporter-output>
        </test-method> <!-- initSetup -->
        <test-method is-config="true" signature="setup(java.lang.String, java.lang.String, java.lang.String)[pri:0, instance:com.facebook.TestCases.searchFriend@a4102b8]" started-at="2020-11-20T10:59:34 IST" name="setup" finished-at="2020-11-20T10:59:55 IST" duration-ms="20445" status="PASS">
          <params>
            <param index="0">
              <value>
                <![CDATA[INT05]]>
              </value>
            </param>
            <param index="1">
              <value>
                <![CDATA[1]]>
              </value>
            </param>
            <param index="2">
              <value>
                <![CDATA[searchFriend2]]>
              </value>
            </param>
          </params>
          <reporter-output>
            <line>
              <![CDATA[~~~~~~~~~~~~~~~~~~~~~~~~~~~~~~ login Start ~~~~~~~~~~~~~~~~~~~~~~~~~~~~~~~~~~~~]]>
            </line>
            <line>
              <![CDATA[~~~~~~~~~~~~~~~~~~~~~~~~~~~~~~ login End ~~~~~~~~~~~~~~~~~~~~~~~~~~~~~~~~~~~~]]>
            </line>
          </reporter-output>
        </test-method> <!-- setup -->
        <test-method signature="TC1()[pri:0, instance:com.facebook.TestCases.searchFriend@a4102b8]" started-at="2020-11-20T10:59:55 IST" name="TC1" finished-at="2020-11-20T11:00:01 IST" duration-ms="5971" status="PASS">
          <reporter-output>
            <line>
              <![CDATA[~~~~~~~~~~~~~~~~~~~~~~~~~~~~~~ createGroup Start ~~~~~~~~~~~~~~~~~~~~~~~~~~~~~~~~~~~~]]>
            </line>
            <line>
              <![CDATA[~~~~~~~~~~~~~~~~~~~~~~~~~~~~~~ createGroup End ~~~~~~~~~~~~~~~~~~~~~~~~~~~~~~~~~~~~]]>
            </line>
            <line>
              <![CDATA[~Step~11:00:01 FriendsPage - createGroup~Pass]]>
            </line>
          </reporter-output>
        </test-method> <!-- TC1 -->
      </class> <!-- com.facebook.TestCases.searchFriend -->
    </test> <!-- searchFriend -->
  </suite> <!-- Suite -->
</testng-results>
