<?xml version="1.0" encoding="UTF-8"?>
<testsuite xmlns:xsi="http://www.w3.org/2001/XMLSchema-instance" xsi:noNamespaceSchemaLocation="https://maven.apache.org/surefire/maven-surefire-plugin/xsd/surefire-test-report-3.0.xsd" version="3.0" name="TestSuite" time="38.521" tests="1" errors="0" skipped="0" failures="0">
  <properties>
[...]
</properties>
  <testcase name="TC1" classname="com.facebook.TestCases.searchFriend" time="5.525">
    <system-out><![CDATA[Reading Test Data . . .
[Login, Env, Data, STData, Online]
Opening browser for searchFriend
~~~~~~~~~~~~~~~~~~~~~~~~~~~~~~ login Start ~~~~~~~~~~~~~~~~~~~~~~~~~~~~~~~~~~~~
~~~~~~~~~~~~~~~~~~~~~~~~~~~~~~ login End ~~~~~~~~~~~~~~~~~~~~~~~~~~~~~~~~~~~~
in tet case
Creating connection with database
~~~~~~~~~~~~~~~~~~~~~~~~~~~~~~ createGroup Start ~~~~~~~~~~~~~~~~~~~~~~~~~~~~~~~~~~~~
waiting for element to be visible
waiting for element to be visible
select * from EMP
select * from EMP
Hash Map={LASTNAME=[Amrutkar, Amrutkar1, Amrutkar1, Amrutkar1], FIRSTNAME=[Sandeep, Sandeep1, Sandeep1, Sandeep1], ID=[10, 10, 11, 9]}
~~~~~~~~~~~~~~~~~~~~~~~~~~~~~~ createGroup End ~~~~~~~~~~~~~~~~~~~~~~~~~~~~~~~~~~~~
end tet case
end tet case2
end tet case5
]]></system-out>
    <system-err><![CDATA[1605850175549	geckodriver	INFO	Listening on 127.0.0.1:22314
1605850176762	mozrunner::runner	INFO	Running command: "C:\\Program Files (x86)\\Mozilla Firefox\\firefox.exe" "--marionette" "-foreground" "-no-remote" "-profile" "C:\\Users\\Sandeep\\AppData\\Local\\Temp\\rust_mozprofile2l85cI"
JavaScript error: resource://gre/modules/XULStore.jsm, line 66: Error: Can't find profile directory.
console.warn: SearchSettings: "get: No settings file exists, new profile?" (new Error("", "(unknown module)"))
1605850182478	Marionette	INFO	Listening on port 57215
1605850182996	Marionette	WARN	TLS certificate errors will be ignored for this session
Nov 20, 2020 10:59:43 AM org.openqa.selenium.remote.ProtocolHandshake createSession
INFO: Detected dialect: W3C
Can't find symbol 'eglSwapBuffersWithDamageEXT'.
Can't find symbol 'eglSetDamageRegionKHR'.
]]></system-err>
  </testcase>
</testsuite>